<?xml version="1.0" encoding="UTF-8"?>
<!-- Generated by org.testng.reporters.JUnitXMLReporter -->
<testsuite ignored="0" hostname="DESKTOP-8LEQ49H" failures="0" tests="8" name="TestNG Annotation" time="0.026" errors="0" timestamp="02 Apr 2021 16:36:54 GMT">
  <testcase classname="TestNG.Annotation.TestNG_Annotation_01" name="testA" time="0.002"/>
  <testcase classname="TestNG.Annotation.TestNG_Annotation_01" name="testB" time="0.001"/>
  <testcase classname="TestNG.Annotation.TestNG_Annotation_01" name="testC" time="0.0"/>
  <testcase classname="TestNG.Annotation.TestNG_Annotation_01" name="testD" time="0.001"/>
  <testcase classname="TestNG.Annotation.TestNG_Annotation_02" name="testA" time="0.001"/>
  <testcase classname="TestNG.Annotation.TestNG_Annotation_02" name="testB" time="0.0"/>
  <testcase classname="TestNG.Annotation.TestNG_Annotation_02" name="testC" time="0.0"/>
  <testcase classname="TestNG.Annotation.TestNG_Annotation_02" name="testD" time="0.0"/>
</testsuite> <!-- TestNG Annotation -->
