<?xml version="1.0" encoding="UTF-8"?>
<!-- Generated by org.testng.reporters.JUnitXMLReporter -->
<testsuite ignored="1" hostname="DESKTOP-8LEQ49H" failures="0" tests="4" name="TestNG Annotation" time="61.077" errors="0" timestamp="16 Feb 2021 14:58:20 GMT">
  <testcase classname="asa_college_edu.TestNG_1st" name="testA" time="0.022"/>
  <testcase classname="asa_college_edu.TestNG_1st" name="testB" time="0.018"/>
  <testcase classname="asa_college_edu.TestNG_2nd" name="testC" time="0.019"/>
  <testcase classname="asa_college_edu.TestNG_2nd" name="testD" time="0.053"/>
  <testcase classname="asa_college_edu.Open_Browser" name="@BeforeTest beforeTest" time="0.0">
    <ignored/>
  </testcase> <!-- @BeforeTest beforeTest -->
</testsuite> <!-- TestNG Annotation -->
