<?xml version="1.0" encoding="UTF-8"?>
<testng-results ignored="1" total="5" passed="4" failed="0" skipped="0">
  <reporter-output>
  </reporter-output>
  <suite started-at="2021-02-16T14:57:18Z" name="Test All" finished-at="2021-02-16T14:58:20Z" duration-ms="61077">
    <groups>
    </groups>
    <test started-at="2021-02-16T14:57:18Z" name="TestNG Annotation" finished-at="2021-02-16T14:58:20Z" duration-ms="61077">
      <class name="asa_college_edu.TestNG_2nd">
        <test-method is-config="true" signature="beforeClass()[pri:0, instance:asa_college_edu.TestNG_2nd@2525ff7e]" started-at="2021-02-16T14:58:08Z" name="beforeClass" finished-at="2021-02-16T14:58:10Z" duration-ms="2004" status="PASS">
          <reporter-output>
          </reporter-output>
        </test-method> <!-- beforeClass -->
        <test-method is-config="true" signature="beforeMethod()[pri:0, instance:asa_college_edu.TestNG_2nd@2525ff7e]" started-at="2021-02-16T14:58:10Z" name="beforeMethod" finished-at="2021-02-16T14:58:10Z" duration-ms="1" status="PASS">
          <reporter-output>
          </reporter-output>
        </test-method> <!-- beforeMethod -->
        <test-method signature="testC()[pri:0, instance:asa_college_edu.TestNG_2nd@2525ff7e]" started-at="2021-02-16T14:58:10Z" name="testC" finished-at="2021-02-16T14:58:10Z" duration-ms="19" status="PASS">
          <reporter-output>
          </reporter-output>
        </test-method> <!-- testC -->
        <test-method is-config="true" signature="afterMethod()[pri:0, instance:asa_college_edu.TestNG_2nd@2525ff7e]" started-at="2021-02-16T14:58:10Z" name="afterMethod" finished-at="2021-02-16T14:58:10Z" duration-ms="1" status="PASS">
          <reporter-output>
          </reporter-output>
        </test-method> <!-- afterMethod -->
        <test-method is-config="true" signature="beforeMethod()[pri:0, instance:asa_college_edu.TestNG_2nd@2525ff7e]" started-at="2021-02-16T14:58:10Z" name="beforeMethod" finished-at="2021-02-16T14:58:10Z" duration-ms="0" status="PASS">
          <reporter-output>
          </reporter-output>
        </test-method> <!-- beforeMethod -->
        <test-method signature="testD()[pri:0, instance:asa_college_edu.TestNG_2nd@2525ff7e]" started-at="2021-02-16T14:58:10Z" name="testD" finished-at="2021-02-16T14:58:10Z" duration-ms="53" status="PASS">
          <reporter-output>
          </reporter-output>
        </test-method> <!-- testD -->
        <test-method is-config="true" signature="afterClass()[pri:0, instance:asa_college_edu.TestNG_2nd@2525ff7e]" started-at="2021-02-16T14:58:10Z" name="afterClass" finished-at="2021-02-16T14:58:19Z" duration-ms="9219" status="PASS">
          <reporter-output>
          </reporter-output>
        </test-method> <!-- afterClass -->
        <test-method is-config="true" signature="afterMethod()[pri:0, instance:asa_college_edu.TestNG_2nd@2525ff7e]" started-at="2021-02-16T14:58:10Z" name="afterMethod" finished-at="2021-02-16T14:58:10Z" duration-ms="0" status="PASS">
          <reporter-output>
          </reporter-output>
        </test-method> <!-- afterMethod -->
      </class> <!-- asa_college_edu.TestNG_2nd -->
      <class name="asa_college_edu.TestNG_1st">
        <test-method is-config="true" signature="beforeSuit()[pri:0, instance:asa_college_edu.TestNG_1st@61d6015a]" started-at="2021-02-16T14:57:18Z" name="beforeSuit" finished-at="2021-02-16T14:57:18Z" duration-ms="6" status="PASS">
          <reporter-output>
          </reporter-output>
        </test-method> <!-- beforeSuit -->
        <test-method is-config="true" signature="beforeTest()[pri:0, instance:asa_college_edu.TestNG_1st@61d6015a]" started-at="2021-02-16T14:57:18Z" name="beforeTest" finished-at="2021-02-16T14:57:41Z" duration-ms="22465" status="PASS">
          <reporter-output>
          </reporter-output>
        </test-method> <!-- beforeTest -->
        <test-method is-config="true" signature="beforeClass()[pri:0, instance:asa_college_edu.TestNG_1st@61d6015a]" started-at="2021-02-16T14:57:41Z" name="beforeClass" finished-at="2021-02-16T14:57:55Z" duration-ms="13708" status="PASS">
          <reporter-output>
          </reporter-output>
        </test-method> <!-- beforeClass -->
        <test-method is-config="true" signature="beforeMethod()[pri:0, instance:asa_college_edu.TestNG_1st@61d6015a]" started-at="2021-02-16T14:57:55Z" name="beforeMethod" finished-at="2021-02-16T14:57:55Z" duration-ms="0" status="PASS">
          <reporter-output>
          </reporter-output>
        </test-method> <!-- beforeMethod -->
        <test-method signature="testA()[pri:0, instance:asa_college_edu.TestNG_1st@61d6015a]" started-at="2021-02-16T14:57:55Z" name="testA" finished-at="2021-02-16T14:57:55Z" duration-ms="22" status="PASS">
          <reporter-output>
          </reporter-output>
        </test-method> <!-- testA -->
        <test-method is-config="true" signature="afterMethod()[pri:0, instance:asa_college_edu.TestNG_1st@61d6015a]" started-at="2021-02-16T14:57:55Z" name="afterMethod" finished-at="2021-02-16T14:57:55Z" duration-ms="0" status="PASS">
          <reporter-output>
          </reporter-output>
        </test-method> <!-- afterMethod -->
        <test-method signature="testB()[pri:0, instance:asa_college_edu.TestNG_1st@61d6015a]" started-at="2021-02-16T14:57:55Z" name="testB" finished-at="2021-02-16T14:57:55Z" duration-ms="18" status="PASS">
          <reporter-output>
          </reporter-output>
        </test-method> <!-- testB -->
        <test-method is-config="true" signature="beforeMethod()[pri:0, instance:asa_college_edu.TestNG_1st@61d6015a]" started-at="2021-02-16T14:57:55Z" name="beforeMethod" finished-at="2021-02-16T14:57:55Z" duration-ms="0" status="PASS">
          <reporter-output>
          </reporter-output>
        </test-method> <!-- beforeMethod -->
        <test-method is-config="true" signature="afterMethod()[pri:0, instance:asa_college_edu.TestNG_1st@61d6015a]" started-at="2021-02-16T14:57:55Z" name="afterMethod" finished-at="2021-02-16T14:57:55Z" duration-ms="0" status="PASS">
          <reporter-output>
          </reporter-output>
        </test-method> <!-- afterMethod -->
        <test-method is-config="true" signature="afterClass()[pri:0, instance:asa_college_edu.TestNG_1st@61d6015a]" started-at="2021-02-16T14:57:55Z" name="afterClass" finished-at="2021-02-16T14:58:08Z" duration-ms="12943" status="PASS">
          <reporter-output>
          </reporter-output>
        </test-method> <!-- afterClass -->
        <test-method is-config="true" signature="afterTest()[pri:0, instance:asa_college_edu.TestNG_1st@61d6015a]" started-at="2021-02-16T14:58:19Z" name="afterTest" finished-at="2021-02-16T14:58:20Z" duration-ms="607" status="PASS">
          <reporter-output>
          </reporter-output>
        </test-method> <!-- afterTest -->
        <test-method is-config="true" signature="afterSuit()[pri:0, instance:asa_college_edu.TestNG_1st@61d6015a]" started-at="2021-02-16T14:58:20Z" name="afterSuit" finished-at="2021-02-16T14:58:20Z" duration-ms="0" status="PASS">
          <reporter-output>
          </reporter-output>
        </test-method> <!-- afterSuit -->
      </class> <!-- asa_college_edu.TestNG_1st -->
    </test> <!-- TestNG Annotation -->
  </suite> <!-- Test All -->
</testng-results>
