<?xml version="1.0" encoding="UTF-8"?>
<testng-results ignored="0" total="1" passed="1" failed="0" skipped="0">
  <reporter-output>
  </reporter-output>
  <suite started-at="2021-02-16T14:14:54Z" name="Default suite" finished-at="2021-02-16T14:15:22Z" duration-ms="27733">
    <groups>
    </groups>
    <test started-at="2021-02-16T14:14:54Z" name="Default test" finished-at="2021-02-16T14:15:22Z" duration-ms="27733">
      <class name="shwapno.Shwapno">
        <test-method signature="chooseLocation()[pri:0, instance:shwapno.Shwapno@20435c40]" started-at="2021-02-16T14:14:54Z" name="chooseLocation" finished-at="2021-02-16T14:15:22Z" duration-ms="27720" status="PASS">
          <reporter-output>
          </reporter-output>
        </test-method> <!-- chooseLocation -->
      </class> <!-- shwapno.Shwapno -->
    </test> <!-- Default test -->
  </suite> <!-- Default suite -->
</testng-results>
