<?xml version="1.0" encoding="UTF-8"?>
<testng-results ignored="0" total="1" passed="1" failed="0" skipped="0">
  <reporter-output>
  </reporter-output>
  <suite started-at="2021-02-17T11:30:20 BDT" name="Default suite" finished-at="2021-02-17T11:30:26 BDT" duration-ms="5614">
    <groups>
    </groups>
    <test started-at="2021-02-17T11:30:20 BDT" name="Default test" finished-at="2021-02-17T11:30:26 BDT" duration-ms="5614">
      <class name="selenium.iframe.Iframe">
        <test-method is-config="true" signature="setDriver()[pri:0, instance:selenium.iframe.Iframe@2767e23c]" started-at="2021-02-17T11:30:19 BDT" name="setDriver" finished-at="2021-02-17T11:30:20 BDT" duration-ms="1404" status="PASS">
          <reporter-output>
          </reporter-output>
        </test-method> <!-- setDriver -->
        <test-method signature="iframe()[pri:0, instance:selenium.iframe.Iframe@2767e23c]" started-at="2021-02-17T11:30:20 BDT" name="iframe" finished-at="2021-02-17T11:30:26 BDT" duration-ms="5600" status="PASS">
          <reporter-output>
          </reporter-output>
        </test-method> <!-- iframe -->
        <test-method is-config="true" signature="close()[pri:0, instance:selenium.iframe.Iframe@2767e23c]" started-at="2021-02-17T11:30:26 BDT" name="close" finished-at="2021-02-17T11:30:26 BDT" duration-ms="43" status="PASS">
          <reporter-output>
          </reporter-output>
        </test-method> <!-- close -->
      </class> <!-- selenium.iframe.Iframe -->
    </test> <!-- Default test -->
  </suite> <!-- Default suite -->
</testng-results>
