<?xml version="1.0" encoding="UTF-8"?>
<testng-results ignored="0" total="1" passed="1" failed="0" skipped="0">
  <reporter-output>
    <line>
      <![CDATA[clickeble locator found By.xpath: //input[@id='login-username']]]>
    </line>
    <line>
      <![CDATA[<img src = "file://C:\Users\Soliman_Ali\eclipse-workspace\Frame_Work\ScreenShot\Enter User ID-20210330_191307.png" alt = ""/>]]>
    </line>
    <line>
      <![CDATA[clickeble locator found By.xpath: //input[@id='login-signin']]]>
    </line>
    <line>
      <![CDATA[clickeble locator found By.xpath: //input[@id='login-passwd']]]>
    </line>
    <line>
      <![CDATA[<img src = "file://C:\Users\Soliman_Ali\eclipse-workspace\Frame_Work\ScreenShot\Enter User Password-20210330_191311.png" alt = ""/>]]>
    </line>
    <line>
      <![CDATA[clickeble locator found By.xpath: //button[@id='login-signin']]]>
    </line>
    <line>
      <![CDATA[<img src = "file://C:\Users\Soliman_Ali\eclipse-workspace\Frame_Work\ScreenShot\Yahoo-login-20210330_191324.png" alt = ""/>]]>
    </line>
    <line>
      <![CDATA[clickeble locator found By.xpath: //a[normalize-space()='Redaguj']]]>
    </line>
    <line>
      <![CDATA[clickeble locator found By.xpath: //input[@id='message-to-field']]]>
    </line>
    <line>
      <![CDATA[<img src = "file://C:\Users\Soliman_Ali\eclipse-workspace\Frame_Work\ScreenShot\Enter Message To-20210330_191324.png" alt = ""/>]]>
    </line>
    <line>
      <![CDATA[clickeble locator found By.xpath: //input[@placeholder='Temat']]]>
    </line>
    <line>
      <![CDATA[<img src = "file://C:\Users\Soliman_Ali\eclipse-workspace\Frame_Work\ScreenShot\Enter Message Subject-20210330_191325.png" alt = ""/>]]>
    </line>
    <line>
      <![CDATA[clickeble locator found By.xpath: //div[@aria-label='Treść wiadomości']//div]]>
    </line>
    <line>
      <![CDATA[<img src = "file://C:\Users\Soliman_Ali\eclipse-workspace\Frame_Work\ScreenShot\Enter Message Body-20210330_191325.png" alt = ""/>]]>
    </line>
    <line>
      <![CDATA[clickeble locator found By.xpath: //span[contains(text(),'Wyślij')]]]>
    </line>
  </reporter-output>
  <suite started-at="2021-03-30T13:13:02Z" name="Default suite" finished-at="2021-03-30T13:13:31Z" duration-ms="29070">
    <groups>
    </groups>
    <test started-at="2021-03-30T13:13:02Z" name="Default test" finished-at="2021-03-30T13:13:31Z" duration-ms="29070">
      <class name="com.TestCase.Login_Yahoo">
        <test-method is-config="true" signature="initiateDriver()[pri:0, instance:com.TestCase.Login_Yahoo@74a6f9c1]" started-at="2021-03-30T13:13:02Z" name="initiateDriver" finished-at="2021-03-30T13:13:06Z" duration-ms="4562" status="PASS">
          <reporter-output>
          </reporter-output>
        </test-method> <!-- initiateDriver -->
        <test-method signature="loginYahoo()[pri:0, instance:com.TestCase.Login_Yahoo@74a6f9c1]" started-at="2021-03-30T13:13:06Z" name="loginYahoo" finished-at="2021-03-30T13:13:26Z" duration-ms="19347" status="PASS">
          <reporter-output>
            <line>
              <![CDATA[clickeble locator found By.xpath: //input[@id='login-username']]]>
            </line>
            <line>
              <![CDATA[<img src = "file://C:\Users\Soliman_Ali\eclipse-workspace\Frame_Work\ScreenShot\Enter User ID-20210330_191307.png" alt = ""/>]]>
            </line>
            <line>
              <![CDATA[clickeble locator found By.xpath: //input[@id='login-signin']]]>
            </line>
            <line>
              <![CDATA[clickeble locator found By.xpath: //input[@id='login-passwd']]]>
            </line>
            <line>
              <![CDATA[<img src = "file://C:\Users\Soliman_Ali\eclipse-workspace\Frame_Work\ScreenShot\Enter User Password-20210330_191311.png" alt = ""/>]]>
            </line>
            <line>
              <![CDATA[clickeble locator found By.xpath: //button[@id='login-signin']]]>
            </line>
            <line>
              <![CDATA[<img src = "file://C:\Users\Soliman_Ali\eclipse-workspace\Frame_Work\ScreenShot\Yahoo-login-20210330_191324.png" alt = ""/>]]>
            </line>
            <line>
              <![CDATA[clickeble locator found By.xpath: //a[normalize-space()='Redaguj']]]>
            </line>
            <line>
              <![CDATA[clickeble locator found By.xpath: //input[@id='message-to-field']]]>
            </line>
            <line>
              <![CDATA[<img src = "file://C:\Users\Soliman_Ali\eclipse-workspace\Frame_Work\ScreenShot\Enter Message To-20210330_191324.png" alt = ""/>]]>
            </line>
            <line>
              <![CDATA[clickeble locator found By.xpath: //input[@placeholder='Temat']]]>
            </line>
            <line>
              <![CDATA[<img src = "file://C:\Users\Soliman_Ali\eclipse-workspace\Frame_Work\ScreenShot\Enter Message Subject-20210330_191325.png" alt = ""/>]]>
            </line>
            <line>
              <![CDATA[clickeble locator found By.xpath: //div[@aria-label='Treść wiadomości']//div]]>
            </line>
            <line>
              <![CDATA[<img src = "file://C:\Users\Soliman_Ali\eclipse-workspace\Frame_Work\ScreenShot\Enter Message Body-20210330_191325.png" alt = ""/>]]>
            </line>
            <line>
              <![CDATA[clickeble locator found By.xpath: //span[contains(text(),'Wyślij')]]]>
            </line>
          </reporter-output>
        </test-method> <!-- loginYahoo -->
        <test-method is-config="true" signature="closeBrowser()[pri:0, instance:com.TestCase.Login_Yahoo@74a6f9c1]" started-at="2021-03-30T13:13:26Z" name="closeBrowser" finished-at="2021-03-30T13:13:31Z" duration-ms="5150" status="PASS">
          <reporter-output>
          </reporter-output>
        </test-method> <!-- closeBrowser -->
      </class> <!-- com.TestCase.Login_Yahoo -->
    </test> <!-- Default test -->
  </suite> <!-- Default suite -->
</testng-results>
